<?xml version="1.0" encoding="UTF-8"?>
<!-- Generated by org.testng.reporters.JUnitReportReporter -->
<testsuite hostname="DESKTOP-V939PNC" failures="0" tests="1" name="com.selenium.automation.tests.TestClass" time="0.000" errors="0" timestamp="2025-04-02T23:03:39 IST" skipped="1">
  <testcase classname="com.selenium.automation.tests.TestClass" name="validationOfLimaUIURLs" time="0.000">
    <skipped/>
  </testcase> <!-- validationOfLimaUIURLs -->
  <system-out/>
</testsuite> <!-- com.selenium.automation.tests.TestClass -->
